<?xml version="1.0" encoding="UTF-8"?>
<testng-results skipped="0" failed="1" total="1" passed="0">
  <reporter-output>
    <line>
      <![CDATA[element is visibile]]>
    </line>
    <line>
      <![CDATA[element is visibile]]>
    </line>
    <line>
      <![CDATA[Redmi 8 at just Rs.7,999 - Get best Mobile Offers on Flipkart.com]]>
    </line>
    <line>
      <![CDATA[element is visibile]]>
    </line>
    <line>
      <![CDATA[element is not visibile]]>
    </line>
    <line>
      <![CDATA[next]]>
    </line>
  </reporter-output>
  <suite name="Failed suite [Default suite]" duration-ms="48546" started-at="2020-01-03T02:51:45Z" finished-at="2020-01-03T02:52:34Z">
    <groups>
    </groups>
    <test name="Default test(failed)" duration-ms="48546" started-at="2020-01-03T02:51:45Z" finished-at="2020-01-03T02:52:34Z">
      <class name="Next.Test1">
        <test-method status="PASS" signature="oppenApp()[pri:0, instance:Next.Test1@38cccef]" name="oppenApp" is-config="true" duration-ms="22120" started-at="2020-01-03T08:21:45Z" finished-at="2020-01-03T08:22:08Z">
          <reporter-output>
          </reporter-output>
        </test-method> <!-- oppenApp -->
        <test-method status="FAIL" signature="next()[pri:0, instance:Next.Test1@38cccef]" name="next" duration-ms="17171" started-at="2020-01-03T08:22:08Z" finished-at="2020-01-03T08:22:25Z">
          <exception class="org.openqa.selenium.ElementClickInterceptedException">
            <message>
              <![CDATA[Element <div class="gdUKd9 _3Z4XMp _2nQDKB"> is not clickable at point (736,412) because another element <button class="_2AkmmA iwYpF9 _7UHT_c"> obscures it
Build info: version: '3.14.0', revision: 'aacccce0', time: '2018-08-02T20:13:22.693Z'
System info: host: 'DESKTOP-C4PETOQ', ip: '192.168.1.4', os.name: 'Windows 10', os.arch: 'amd64', os.version: '10.0', java.version: '1.8.0_231'
Driver info: org.openqa.selenium.firefox.FirefoxDriver
Capabilities {acceptInsecureCerts: true, browserName: firefox, browserVersion: 71.0, javascriptEnabled: true, moz:accessibilityChecks: false, moz:buildID: 20191202093317, moz:geckodriverVersion: 0.26.0, moz:headless: false, moz:processID: 13896, moz:profile: C:\Users\manju\AppData\Loca..., moz:shutdownTimeout: 60000, moz:useNonSpecCompliantPointerOrigin: false, moz:webdriverClick: true, pageLoadStrategy: normal, platform: WINDOWS, platformName: WINDOWS, platformVersion: 10.0, rotatable: false, setWindowRect: true, strictFileInteractability: false, timeouts: {implicit: 0, pageLoad: 300000, script: 30000}, unhandledPromptBehavior: dismiss and notify}
Session ID: 8e34d9cd-b11c-4d39-93e7-86e89f53477e]]>
            </message>
            <full-stacktrace>
              <![CDATA[org.openqa.selenium.ElementClickInterceptedException: Element <div class="gdUKd9 _3Z4XMp _2nQDKB"> is not clickable at point (736,412) because another element <button class="_2AkmmA iwYpF9 _7UHT_c"> obscures it
Build info: version: '3.14.0', revision: 'aacccce0', time: '2018-08-02T20:13:22.693Z'
System info: host: 'DESKTOP-C4PETOQ', ip: '192.168.1.4', os.name: 'Windows 10', os.arch: 'amd64', os.version: '10.0', java.version: '1.8.0_231'
Driver info: org.openqa.selenium.firefox.FirefoxDriver
Capabilities {acceptInsecureCerts: true, browserName: firefox, browserVersion: 71.0, javascriptEnabled: true, moz:accessibilityChecks: false, moz:buildID: 20191202093317, moz:geckodriverVersion: 0.26.0, moz:headless: false, moz:processID: 13896, moz:profile: C:\Users\manju\AppData\Loca..., moz:shutdownTimeout: 60000, moz:useNonSpecCompliantPointerOrigin: false, moz:webdriverClick: true, pageLoadStrategy: normal, platform: WINDOWS, platformName: WINDOWS, platformVersion: 10.0, rotatable: false, setWindowRect: true, strictFileInteractability: false, timeouts: {implicit: 0, pageLoad: 300000, script: 30000}, unhandledPromptBehavior: dismiss and notify}
Session ID: 8e34d9cd-b11c-4d39-93e7-86e89f53477e
	at sun.reflect.NativeConstructorAccessorImpl.newInstance0(Native Method)
	at sun.reflect.NativeConstructorAccessorImpl.newInstance(Unknown Source)
	at sun.reflect.DelegatingConstructorAccessorImpl.newInstance(Unknown Source)
	at java.lang.reflect.Constructor.newInstance(Unknown Source)
	at org.openqa.selenium.remote.http.W3CHttpResponseCodec.createException(W3CHttpResponseCodec.java:187)
	at org.openqa.selenium.remote.http.W3CHttpResponseCodec.decode(W3CHttpResponseCodec.java:122)
	at org.openqa.selenium.remote.http.W3CHttpResponseCodec.decode(W3CHttpResponseCodec.java:49)
	at org.openqa.selenium.remote.HttpCommandExecutor.execute(HttpCommandExecutor.java:158)
	at org.openqa.selenium.remote.service.DriverCommandExecutor.execute(DriverCommandExecutor.java:83)
	at org.openqa.selenium.remote.RemoteWebDriver.execute(RemoteWebDriver.java:548)
	at org.openqa.selenium.remote.RemoteWebElement.execute(RemoteWebElement.java:276)
	at org.openqa.selenium.remote.RemoteWebElement.click(RemoteWebElement.java:83)
	at sun.reflect.NativeMethodAccessorImpl.invoke0(Native Method)
	at sun.reflect.NativeMethodAccessorImpl.invoke(Unknown Source)
	at sun.reflect.DelegatingMethodAccessorImpl.invoke(Unknown Source)
	at java.lang.reflect.Method.invoke(Unknown Source)
	at org.openqa.selenium.support.pagefactory.internal.LocatingElementHandler.invoke(LocatingElementHandler.java:51)
	at com.sun.proxy.$Proxy7.click(Unknown Source)
	at POM.Shoping.clickRemove1(Shoping.java:29)
	at Next.Test1.next(Test1.java:32)
	at sun.reflect.NativeMethodAccessorImpl.invoke0(Native Method)
	at sun.reflect.NativeMethodAccessorImpl.invoke(Unknown Source)
	at sun.reflect.DelegatingMethodAccessorImpl.invoke(Unknown Source)
	at java.lang.reflect.Method.invoke(Unknown Source)
	at org.testng.internal.MethodInvocationHelper.invokeMethod(MethodInvocationHelper.java:100)
	at org.testng.internal.Invoker.invokeMethod(Invoker.java:646)
	at org.testng.internal.Invoker.invokeTestMethod(Invoker.java:811)
	at org.testng.internal.Invoker.invokeTestMethods(Invoker.java:1129)
	at org.testng.internal.TestMethodWorker.invokeTestMethods(TestMethodWorker.java:129)
	at org.testng.internal.TestMethodWorker.run(TestMethodWorker.java:112)
	at org.testng.TestRunner.privateRun(TestRunner.java:746)
	at org.testng.TestRunner.run(TestRunner.java:600)
	at org.testng.SuiteRunner.runTest(SuiteRunner.java:366)
	at org.testng.SuiteRunner.runSequentially(SuiteRunner.java:361)
	at org.testng.SuiteRunner.privateRun(SuiteRunner.java:319)
	at org.testng.SuiteRunner.run(SuiteRunner.java:268)
	at org.testng.SuiteRunnerWorker.runSuite(SuiteRunnerWorker.java:52)
	at org.testng.SuiteRunnerWorker.run(SuiteRunnerWorker.java:86)
	at org.testng.TestNG.runSuitesSequentially(TestNG.java:1264)
	at org.testng.TestNG.runSuitesLocally(TestNG.java:1189)
	at org.testng.TestNG.runSuites(TestNG.java:1104)
	at org.testng.TestNG.run(TestNG.java:1076)
	at Runner.TestRunner.main(TestRunner.java:15)
]]>
            </full-stacktrace>
          </exception> <!-- org.openqa.selenium.ElementClickInterceptedException -->
          <reporter-output>
            <line>
              <![CDATA[element is visibile]]>
            </line>
            <line>
              <![CDATA[element is visibile]]>
            </line>
            <line>
              <![CDATA[Redmi 8 at just Rs.7,999 - Get best Mobile Offers on Flipkart.com]]>
            </line>
            <line>
              <![CDATA[element is visibile]]>
            </line>
            <line>
              <![CDATA[element is not visibile]]>
            </line>
          </reporter-output>
        </test-method> <!-- next -->
        <test-method status="PASS" signature="close(org.testng.ITestResult)[pri:0, instance:Next.Test1@38cccef]" name="close" is-config="true" duration-ms="9231" started-at="2020-01-03T08:22:25Z" finished-at="2020-01-03T08:22:34Z">
          <params>
            <param index="0">
              <value>
                <![CDATA[[TestResult name=next status=FAILURE method=Test1.next()[pri:0, instance:Next.Test1@38cccef] output=element is visibile]]]>
              </value>
            </param>
          </params>
          <reporter-output>
            <line>
              <![CDATA[next]]>
            </line>
          </reporter-output>
        </test-method> <!-- close -->
      </class> <!-- Next.Test1 -->
    </test> <!-- Default test(failed) -->
  </suite> <!-- Failed suite [Default suite] -->
</testng-results>
